<?xml version="1.0" encoding="UTF-8"?>
<!-- Generated by org.testng.reporters.JUnitXMLReporter -->
<testsuite ignored="0" hostname="LAPTOP-SNBHDT1F" failures="0" tests="5" name="Default test" time="23.368" errors="0" timestamp="2025-12-30T11:36:33 EST">
  <testcase classname="testCases.TC02_Login" name="testLogin" time="3.496"/>
  <testcase classname="testCases.TC02_Login" name="testLogin" time="1.644"/>
  <testcase classname="testCases.TC02_Login" name="testLogin" time="1.784"/>
  <testcase classname="testCases.TC02_Login" name="testLogin" time="2.164"/>
  <testcase classname="testCases.TC02_Login" name="testLogin" time="1.652"/>
</testsuite> <!-- Default test -->
