<?xml version="1.0" encoding="UTF-8"?>
<!-- Generated by org.testng.reporters.JUnitXMLReporter -->
<testsuite ignored="0" hostname="LAPTOP-SNBHDT1F" failures="0" tests="10" name="edgeTest" time="267.298" errors="0" timestamp="2026-01-05T20:19:38 EST">
  <testcase classname="testCases.TC01_LaunchApplication" name="testLaunchApplication" time="0.397"/>
  <testcase classname="testCases.TC03_AddToCart" name="testAddToCart" time="7.107"/>
  <testcase classname="testCases.TC05_AddToWishList" name="testAddToWishList" time="10.428"/>
  <testcase classname="testCases.TC06_AddAffiliate" name="testAddAffiliate" time="16.106"/>
  <testcase classname="testCases.TC02_Login" name="testLogin" time="7.245"/>
  <testcase classname="testCases.TC02_Login" name="testLogin" time="3.91"/>
  <testcase classname="testCases.TC02_Login" name="testLogin" time="4.227"/>
  <testcase classname="testCases.TC02_Login" name="testLogin" time="3.765"/>
  <testcase classname="testCases.TC02_Login" name="testLogin" time="3.467"/>
  <testcase classname="testCases.TC04_CompletePurchase" name="testCompletePurchase" time="17.501"/>
</testsuite> <!-- edgeTest -->
