<?xml version="1.0" encoding="UTF-8"?>
<!-- Generated by org.testng.reporters.JUnitXMLReporter -->
<testsuite ignored="0" hostname="LAPTOP-SNBHDT1F" failures="0" tests="10" name="Test" time="64.871" errors="0" timestamp="2025-12-30T12:42:59 EST">
  <testcase classname="testCases.TC01_LaunchApplication" name="testLaunchApplication" time="0.083"/>
  <testcase classname="testCases.TC03_AddToCart" name="testAddToCart" time="4.978"/>
  <testcase classname="testCases.TC05_AddToWishList" name="testAddToWishList" time="4.564"/>
  <testcase classname="testCases.TC06_AddAffiliate" name="testAddAffiliate" time="5.35"/>
  <testcase classname="testCases.TC02_Login" name="testLogin" time="2.89"/>
  <testcase classname="testCases.TC02_Login" name="testLogin" time="1.881"/>
  <testcase classname="testCases.TC02_Login" name="testLogin" time="1.759"/>
  <testcase classname="testCases.TC02_Login" name="testLogin" time="1.694"/>
  <testcase classname="testCases.TC02_Login" name="testLogin" time="2.577"/>
  <testcase classname="testCases.TC04_CompletePurchase" name="testCompletePurchase" time="8.683"/>
</testsuite> <!-- Test -->
