<?xml version="1.0" encoding="UTF-8"?>
<!-- Generated by org.testng.reporters.JUnitXMLReporter -->
<testsuite ignored="0" hostname="LAPTOP-SNBHDT1F" failures="0" tests="10" name="edgeTest" time="355.081" errors="0" timestamp="2026-01-05T21:56:02 EST">
  <testcase classname="testCases.TC01_LaunchApplication" name="testLaunchApplication" time="0.585"/>
  <testcase classname="testCases.TC03_AddToCart" name="testAddToCart" time="10.137"/>
  <testcase classname="testCases.TC05_AddToWishList" name="testAddToWishList" time="19.422"/>
  <testcase classname="testCases.TC06_AddAffiliate" name="testAddAffiliate" time="15.587"/>
  <testcase classname="testCases.TC02_Login" name="testLogin" time="12.753"/>
  <testcase classname="testCases.TC02_Login" name="testLogin" time="5.867"/>
  <testcase classname="testCases.TC02_Login" name="testLogin" time="6.865"/>
  <testcase classname="testCases.TC02_Login" name="testLogin" time="6.138"/>
  <testcase classname="testCases.TC02_Login" name="testLogin" time="4.707"/>
  <testcase classname="testCases.TC04_CompletePurchase" name="testCompletePurchase" time="22.764"/>
</testsuite> <!-- edgeTest -->
