<?xml version="1.0" encoding="UTF-8"?>
<!-- Generated by org.testng.reporters.JUnitReportReporter -->
<testsuite hostname="LAPTOP-SNBHDT1F" failures="0" tests="3" name="testCases.TC03_AddToCart" time="23.417" errors="0" timestamp="2026-01-05T20:20:54 EST" skipped="0">
  <testcase classname="testCases.TC03_AddToCart" name="testAddToCart" time="5.327"/>
  <testcase classname="testCases.TC03_AddToCart" name="testAddToCart" time="10.983"/>
  <testcase classname="testCases.TC03_AddToCart" name="testAddToCart" time="7.107"/>
</testsuite> <!-- testCases.TC03_AddToCart -->
