<?xml version="1.0" encoding="UTF-8"?>
<!-- Generated by org.testng.reporters.JUnitReportReporter -->
<testsuite hostname="LAPTOP-SNBHDT1F" failures="0" tests="3" name="testCases.TC01_LaunchApplication" time="0.554" errors="0" timestamp="2026-01-05T20:20:54 EST" skipped="0">
  <testcase classname="testCases.TC01_LaunchApplication" name="testLaunchApplication" time="0.084"/>
  <testcase classname="testCases.TC01_LaunchApplication" name="testLaunchApplication" time="0.397"/>
  <testcase classname="testCases.TC01_LaunchApplication" name="testLaunchApplication" time="0.073"/>
</testsuite> <!-- testCases.TC01_LaunchApplication -->
