<?xml version="1.0" encoding="UTF-8"?>
<!-- Generated by org.testng.reporters.JUnitReportReporter -->
<testsuite hostname="LAPTOP-SNBHDT1F" failures="0" tests="3" name="testCases.TC06_AddAffiliate" time="36.434" errors="0" timestamp="2026-01-05T20:20:54 EST" skipped="0">
  <testcase classname="testCases.TC06_AddAffiliate" name="testAddAffiliate" time="12.435"/>
  <testcase classname="testCases.TC06_AddAffiliate" name="testAddAffiliate" time="7.893"/>
  <testcase classname="testCases.TC06_AddAffiliate" name="testAddAffiliate" time="16.106"/>
</testsuite> <!-- testCases.TC06_AddAffiliate -->
