<?xml version="1.0" encoding="UTF-8"?>
<!-- Generated by org.testng.reporters.JUnitReportReporter -->
<testsuite hostname="LAPTOP-SNBHDT1F" failures="0" tests="3" name="testCases.TC03_AddToCart" time="52.547" errors="0" timestamp="2026-01-05T21:56:14 EST" skipped="0">
  <testcase classname="testCases.TC03_AddToCart" name="testAddToCart" time="16.548"/>
  <testcase classname="testCases.TC03_AddToCart" name="testAddToCart" time="10.137"/>
  <testcase classname="testCases.TC03_AddToCart" name="testAddToCart" time="25.862"/>
</testsuite> <!-- testCases.TC03_AddToCart -->
