<?xml version="1.0" encoding="UTF-8"?>
<!-- Generated by org.testng.reporters.JUnitReportReporter -->
<testsuite hostname="LAPTOP-SNBHDT1F" failures="0" tests="3" name="testCases.TC06_AddAffiliate" time="52.810" errors="0" timestamp="2026-01-05T21:56:14 EST" skipped="0">
  <testcase classname="testCases.TC06_AddAffiliate" name="testAddAffiliate" time="15.587"/>
  <testcase classname="testCases.TC06_AddAffiliate" name="testAddAffiliate" time="18.996"/>
  <testcase classname="testCases.TC06_AddAffiliate" name="testAddAffiliate" time="18.227"/>
</testsuite> <!-- testCases.TC06_AddAffiliate -->
