<?xml version="1.0" encoding="UTF-8"?>
<!-- Generated by org.testng.reporters.JUnitReportReporter -->
<testsuite hostname="LAPTOP-SNBHDT1F" failures="0" tests="3" name="testCases.TC05_AddToWishList" time="38.852" errors="0" timestamp="2026-01-05T21:56:14 EST" skipped="0">
  <testcase classname="testCases.TC05_AddToWishList" name="testAddToWishList" time="7.174"/>
  <testcase classname="testCases.TC05_AddToWishList" name="testAddToWishList" time="12.256"/>
  <testcase classname="testCases.TC05_AddToWishList" name="testAddToWishList" time="19.422"/>
</testsuite> <!-- testCases.TC05_AddToWishList -->
