<?xml version="1.0" encoding="UTF-8"?>
<!-- Generated by org.testng.reporters.JUnitReportReporter -->
<testsuite hostname="LAPTOP-SNBHDT1F" failures="0" tests="15" name="testCases.TC02_Login" time="115.805" errors="0" timestamp="2026-01-05T21:56:14 EST" skipped="0">
  <testcase classname="testCases.TC02_Login" name="testLogin" time="2.090"/>
  <testcase classname="testCases.TC02_Login" name="testLogin" time="12.753"/>
  <testcase classname="testCases.TC02_Login" name="testLogin" time="4.707"/>
  <testcase classname="testCases.TC02_Login" name="testLogin" time="5.643"/>
  <testcase classname="testCases.TC02_Login" name="testLogin" time="4.059"/>
  <testcase classname="testCases.TC02_Login" name="testLogin" time="8.125"/>
  <testcase classname="testCases.TC02_Login" name="testLogin" time="1.990"/>
  <testcase classname="testCases.TC02_Login" name="testLogin" time="31.504"/>
  <testcase classname="testCases.TC02_Login" name="testLogin" time="4.796"/>
  <testcase classname="testCases.TC02_Login" name="testLogin" time="4.806"/>
  <testcase classname="testCases.TC02_Login" name="testLogin" time="6.865"/>
  <testcase classname="testCases.TC02_Login" name="testLogin" time="7.691"/>
  <testcase classname="testCases.TC02_Login" name="testLogin" time="5.867"/>
  <testcase classname="testCases.TC02_Login" name="testLogin" time="8.771"/>
  <testcase classname="testCases.TC02_Login" name="testLogin" time="6.138"/>
</testsuite> <!-- testCases.TC02_Login -->
