<?xml version="1.0" encoding="UTF-8"?>
<!-- Generated by org.testng.reporters.JUnitReportReporter -->
<testsuite hostname="LAPTOP-SNBHDT1F" failures="0" tests="3" name="testCases.TC01_LaunchApplication" time="1.199" errors="0" timestamp="2026-01-05T21:56:14 EST" skipped="0">
  <testcase classname="testCases.TC01_LaunchApplication" name="testLaunchApplication" time="0.589"/>
  <testcase classname="testCases.TC01_LaunchApplication" name="testLaunchApplication" time="0.025"/>
  <testcase classname="testCases.TC01_LaunchApplication" name="testLaunchApplication" time="0.585"/>
</testsuite> <!-- testCases.TC01_LaunchApplication -->
